This file contains any messages produced by compilers while
running configure, to aid debugging if configure makes a mistake.

It was created by libenet configure 7-18-2005, which was
generated by GNU Autoconf 2.69.  Invocation command line was

  $ ./configure --no-create --no-recursion

## --------- ##
## Platform. ##
## --------- ##

hostname = zeus
uname -m = x86_64
uname -r = 4.0.4-2-ARCH
uname -s = Linux
uname -v = #1 SMP PREEMPT Fri May 22 03:05:23 UTC 2015

/usr/bin/uname -p = unknown
/bin/uname -X     = unknown

/bin/arch              = unknown
/usr/bin/arch -k       = unknown
/usr/convex/getsysinfo = unknown
/usr/bin/hostinfo      = unknown
/bin/machine           = unknown
/usr/bin/oslevel       = unknown
/bin/universe          = unknown

PATH: /usr/local/sbin
PATH: /usr/local/bin
PATH: /usr/bin
PATH: /opt/cuda/bin
PATH: /usr/bin/site_perl
PATH: /usr/bin/vendor_perl
PATH: /usr/bin/core_perl
PATH: /usr/local/bin
PATH: /usr/bin
PATH: /bin
PATH: /usr/local/sbin
PATH: /usr/sbin
PATH: /sbin
PATH: /usr/bin/vendor_perl
PATH: /usr/bin/core_perl
PATH: /home/ruslashev/.gem/ruby/2.0.0/bin
PATH: /opt/android-sdk/build-tools
PATH: /opt/android-sdk/platform-tools
PATH: /opt/android-sdk/tools
PATH: /home/ruslashev/Things/srchack
PATH: /home/ruslashev/.rvm/bin
PATH: /home/ruslashev/.cabal/bin


## ----------- ##
## Core tests. ##
## ----------- ##

configure:2096: checking for a BSD-compatible install
configure:2164: result: /usr/bin/install -c
configure:2175: checking whether build environment is sane
configure:2230: result: yes
configure:2268: WARNING: 'missing' script is too old or missing
configure:2381: checking for a thread-safe mkdir -p
configure:2420: result: /usr/bin/mkdir -p
configure:2427: checking for gawk
configure:2443: found /usr/bin/gawk
configure:2454: result: gawk
configure:2465: checking whether make sets $(MAKE)
configure:2487: result: yes
configure:2516: checking whether make supports nested variables
configure:2533: result: yes
configure:2709: checking for gcc
configure:2725: found /usr/bin/gcc
configure:2736: result: gcc
configure:2965: checking for C compiler version
configure:2974: gcc --version >&5
gcc (GCC) 5.1.0
Copyright (C) 2015 Free Software Foundation, Inc.
This is free software; see the source for copying conditions.  There is NO
warranty; not even for MERCHANTABILITY or FITNESS FOR A PARTICULAR PURPOSE.

configure:2985: $? = 0
configure:2974: gcc -v >&5
Using built-in specs.
COLLECT_GCC=gcc
COLLECT_LTO_WRAPPER=/usr/lib/gcc/x86_64-unknown-linux-gnu/5.1.0/lto-wrapper
Target: x86_64-unknown-linux-gnu
Configured with: /build/gcc-multilib/src/gcc-5-20150519/configure --prefix=/usr --libdir=/usr/lib --libexecdir=/usr/lib --mandir=/usr/share/man --infodir=/usr/share/info --with-bugurl=https://bugs.archlinux.org/ --enable-languages=c,c++,ada,fortran,go,lto,objc,obj-c++ --enable-shared --enable-threads=posix --enable-libmpx --with-system-zlib --with-isl --enable-__cxa_atexit --disable-libunwind-exceptions --enable-clocale=gnu --disable-libstdcxx-pch --disable-libssp --enable-gnu-unique-object --enable-linker-build-id --enable-lto --enable-plugin --enable-install-libiberty --with-linker-hash-style=gnu --enable-gnu-indirect-function --enable-multilib --disable-werror --enable-checking=release --with-default-libstdcxx-abi=c++98
Thread model: posix
gcc version 5.1.0 (GCC) 
configure:2985: $? = 0
configure:2974: gcc -V >&5
gcc: error: unrecognized command line option '-V'
gcc: fatal error: no input files
compilation terminated.
configure:2985: $? = 1
configure:2974: gcc -qversion >&5
gcc: error: unrecognized command line option '-qversion'
gcc: fatal error: no input files
compilation terminated.
configure:2985: $? = 1
configure:3005: checking whether the C compiler works
configure:3027: gcc    conftest.c  >&5
configure:3031: $? = 0
configure:3079: result: yes
configure:3082: checking for C compiler default output file name
configure:3084: result: a.out
configure:3090: checking for suffix of executables
configure:3097: gcc -o conftest    conftest.c  >&5
configure:3101: $? = 0
configure:3123: result: 
configure:3145: checking whether we are cross compiling
configure:3153: gcc -o conftest    conftest.c  >&5
configure:3157: $? = 0
configure:3164: ./conftest
configure:3168: $? = 0
configure:3183: result: no
configure:3188: checking for suffix of object files
configure:3210: gcc -c   conftest.c >&5
configure:3214: $? = 0
configure:3235: result: o
configure:3239: checking whether we are using the GNU C compiler
configure:3258: gcc -c   conftest.c >&5
configure:3258: $? = 0
configure:3267: result: yes
configure:3276: checking whether gcc accepts -g
configure:3296: gcc -c -g  conftest.c >&5
configure:3296: $? = 0
configure:3337: result: yes
configure:3354: checking for gcc option to accept ISO C89
configure:3417: gcc  -c -g -O2  conftest.c >&5
configure:3417: $? = 0
configure:3430: result: none needed
configure:3455: checking whether gcc understands -c and -o together
configure:3477: gcc -c conftest.c -o conftest2.o
configure:3480: $? = 0
configure:3477: gcc -c conftest.c -o conftest2.o
configure:3480: $? = 0
configure:3492: result: yes
configure:3520: checking for style of include used by make
configure:3548: result: GNU
configure:3574: checking dependency style of gcc
configure:3685: result: gcc3
configure:3743: checking for ranlib
configure:3759: found /usr/bin/ranlib
configure:3770: result: ranlib
configure:3794: checking for gethostbyaddr_r
configure:3794: gcc -o conftest -g -O2   conftest.c  >&5
configure:3794: $? = 0
configure:3794: result: yes
configure:3800: checking for gethostbyname_r
configure:3800: gcc -o conftest -g -O2   conftest.c  >&5
configure:3800: $? = 0
configure:3800: result: yes
configure:3806: checking for poll
configure:3806: gcc -o conftest -g -O2   conftest.c  >&5
configure:3806: $? = 0
configure:3806: result: yes
configure:3812: checking for fcntl
configure:3812: gcc -o conftest -g -O2   conftest.c  >&5
configure:3812: $? = 0
configure:3812: result: yes
configure:3819: checking for struct msghdr.msg_flags
configure:3819: gcc -c -g -O2  conftest.c >&5
configure:3819: $? = 0
configure:3819: result: yes
configure:3827: checking for socklen_t
configure:3827: gcc -c -g -O2  conftest.c >&5
configure:3827: $? = 0
configure:3827: gcc -c -g -O2  conftest.c >&5
conftest.c: In function 'main':
conftest.c:23:24: error: expected expression before ')' token
 if (sizeof ((socklen_t)))
                        ^
configure:3827: $? = 1
configure: failed program was:
| /* confdefs.h */
| #define PACKAGE_NAME "libenet"
| #define PACKAGE_TARNAME "libenet"
| #define PACKAGE_VERSION "7-18-2005"
| #define PACKAGE_STRING "libenet 7-18-2005"
| #define PACKAGE_BUGREPORT ""
| #define PACKAGE_URL ""
| #define PACKAGE "libenet.a"
| #define VERSION "7-18-2005"
| #define HAS_GETHOSTBYADDR_R 1
| #define HAS_GETHOSTBYNAME_R 1
| #define HAS_POLL 1
| #define HAS_FCNTL 1
| #define HAS_MSGHDR_FLAGS 1
| /* end confdefs.h.  */
| #include <sys/types.h>
|               #include <sys/socket.h>
| 
| 
| int
| main ()
| {
| if (sizeof ((socklen_t)))
| 	    return 0;
|   ;
|   return 0;
| }
configure:3827: result: yes
configure:3842: checking how to run the C preprocessor
configure:3873: gcc -E  conftest.c
configure:3873: $? = 0
configure:3887: gcc -E  conftest.c
conftest.c:17:28: fatal error: ac_nonexistent.h: No such file or directory
compilation terminated.
configure:3887: $? = 1
configure: failed program was:
| /* confdefs.h */
| #define PACKAGE_NAME "libenet"
| #define PACKAGE_TARNAME "libenet"
| #define PACKAGE_VERSION "7-18-2005"
| #define PACKAGE_STRING "libenet 7-18-2005"
| #define PACKAGE_BUGREPORT ""
| #define PACKAGE_URL ""
| #define PACKAGE "libenet.a"
| #define VERSION "7-18-2005"
| #define HAS_GETHOSTBYADDR_R 1
| #define HAS_GETHOSTBYNAME_R 1
| #define HAS_POLL 1
| #define HAS_FCNTL 1
| #define HAS_MSGHDR_FLAGS 1
| #define HAS_SOCKLEN_T 1
| /* end confdefs.h.  */
| #include <ac_nonexistent.h>
configure:3912: result: gcc -E
configure:3932: gcc -E  conftest.c
configure:3932: $? = 0
configure:3946: gcc -E  conftest.c
conftest.c:17:28: fatal error: ac_nonexistent.h: No such file or directory
compilation terminated.
configure:3946: $? = 1
configure: failed program was:
| /* confdefs.h */
| #define PACKAGE_NAME "libenet"
| #define PACKAGE_TARNAME "libenet"
| #define PACKAGE_VERSION "7-18-2005"
| #define PACKAGE_STRING "libenet 7-18-2005"
| #define PACKAGE_BUGREPORT ""
| #define PACKAGE_URL ""
| #define PACKAGE "libenet.a"
| #define VERSION "7-18-2005"
| #define HAS_GETHOSTBYADDR_R 1
| #define HAS_GETHOSTBYNAME_R 1
| #define HAS_POLL 1
| #define HAS_FCNTL 1
| #define HAS_MSGHDR_FLAGS 1
| #define HAS_SOCKLEN_T 1
| /* end confdefs.h.  */
| #include <ac_nonexistent.h>
configure:3975: checking for grep that handles long lines and -e
configure:4033: result: /usr/bin/grep
configure:4038: checking for egrep
configure:4100: result: /usr/bin/grep -E
conftest.c:17:20: fatal error: socket.h: No such file or directory
compilation terminated.
configure:4277: checking that generated files are newer than configure
configure:4283: result: done
configure:4306: creating ./config.status

## ---------------- ##
## Cache variables. ##
## ---------------- ##

ac_cv_c_compiler_gnu=yes
ac_cv_env_CC_set=
ac_cv_env_CC_value=
ac_cv_env_CFLAGS_set=
ac_cv_env_CFLAGS_value=
ac_cv_env_CPPFLAGS_set=
ac_cv_env_CPPFLAGS_value=
ac_cv_env_CPP_set=
ac_cv_env_CPP_value=
ac_cv_env_LDFLAGS_set=
ac_cv_env_LDFLAGS_value=
ac_cv_env_LIBS_set=
ac_cv_env_LIBS_value=
ac_cv_env_build_alias_set=
ac_cv_env_build_alias_value=
ac_cv_env_host_alias_set=
ac_cv_env_host_alias_value=
ac_cv_env_target_alias_set=
ac_cv_env_target_alias_value=
ac_cv_func_fcntl=yes
ac_cv_func_gethostbyaddr_r=yes
ac_cv_func_gethostbyname_r=yes
ac_cv_func_poll=yes
ac_cv_member_struct_msghdr_msg_flags=yes
ac_cv_objext=o
ac_cv_path_EGREP='/usr/bin/grep -E'
ac_cv_path_GREP=/usr/bin/grep
ac_cv_path_install='/usr/bin/install -c'
ac_cv_path_mkdir=/usr/bin/mkdir
ac_cv_prog_AWK=gawk
ac_cv_prog_CPP='gcc -E'
ac_cv_prog_ac_ct_CC=gcc
ac_cv_prog_ac_ct_RANLIB=ranlib
ac_cv_prog_cc_c89=
ac_cv_prog_cc_g=yes
ac_cv_prog_make_make_set=yes
ac_cv_type_socklen_t=yes
am_cv_CC_dependencies_compiler_type=gcc3
am_cv_make_support_nested_variables=yes
am_cv_prog_cc_c_o=yes

## ----------------- ##
## Output variables. ##
## ----------------- ##

ACLOCAL='aclocal-1.15'
AMDEPBACKSLASH='\'
AMDEP_FALSE='#'
AMDEP_TRUE=''
AMTAR='$${TAR-tar}'
AM_BACKSLASH='\'
AM_DEFAULT_V='$(AM_DEFAULT_VERBOSITY)'
AM_DEFAULT_VERBOSITY='1'
AM_V='$(V)'
AUTOCONF='autoconf'
AUTOHEADER='autoheader'
AUTOMAKE='automake-1.15'
AWK='gawk'
CC='gcc'
CCDEPMODE='depmode=gcc3'
CFLAGS='-g -O2'
CPP='gcc -E'
CPPFLAGS=''
CYGPATH_W='echo'
DEFS='-DPACKAGE_NAME=\"libenet\" -DPACKAGE_TARNAME=\"libenet\" -DPACKAGE_VERSION=\"7-18-2005\" -DPACKAGE_STRING=\"libenet\ 7-18-2005\" -DPACKAGE_BUGREPORT=\"\" -DPACKAGE_URL=\"\" -DPACKAGE=\"libenet.a\" -DVERSION=\"7-18-2005\" -DHAS_GETHOSTBYADDR_R=1 -DHAS_GETHOSTBYNAME_R=1 -DHAS_POLL=1 -DHAS_FCNTL=1 -DHAS_MSGHDR_FLAGS=1 -DHAS_SOCKLEN_T=1'
DEPDIR='.deps'
ECHO_C=''
ECHO_N='-n'
ECHO_T=''
EGREP='/usr/bin/grep -E'
EXEEXT=''
GREP='/usr/bin/grep'
INSTALL_DATA='${INSTALL} -m 644'
INSTALL_PROGRAM='${INSTALL}'
INSTALL_SCRIPT='${INSTALL}'
INSTALL_STRIP_PROGRAM='$(install_sh) -c -s'
LDFLAGS=''
LIBOBJS=''
LIBS=''
LTLIBOBJS=''
MAKEINFO='makeinfo'
MKDIR_P='/usr/bin/mkdir -p'
OBJEXT='o'
PACKAGE='libenet.a'
PACKAGE_BUGREPORT=''
PACKAGE_NAME='libenet'
PACKAGE_STRING='libenet 7-18-2005'
PACKAGE_TARNAME='libenet'
PACKAGE_URL=''
PACKAGE_VERSION='7-18-2005'
PATH_SEPARATOR=':'
RANLIB='ranlib'
SET_MAKE=''
SHELL='/bin/sh'
STRIP=''
VERSION='7-18-2005'
ac_ct_CC='gcc'
am__EXEEXT_FALSE=''
am__EXEEXT_TRUE='#'
am__fastdepCC_FALSE='#'
am__fastdepCC_TRUE=''
am__include='include'
am__isrc=''
am__leading_dot='.'
am__nodep='_no'
am__quote=''
am__tar='$${TAR-tar} chof - "$$tardir"'
am__untar='$${TAR-tar} xf -'
bindir='${exec_prefix}/bin'
build_alias=''
datadir='${datarootdir}'
datarootdir='${prefix}/share'
docdir='${datarootdir}/doc/${PACKAGE_TARNAME}'
dvidir='${docdir}'
exec_prefix='${prefix}'
host_alias=''
htmldir='${docdir}'
includedir='${prefix}/include'
infodir='${datarootdir}/info'
install_sh='${SHELL} /home/ruslashev/Documents/cube1/cube_source/enet/install-sh'
libdir='${exec_prefix}/lib'
libexecdir='${exec_prefix}/libexec'
localedir='${datarootdir}/locale'
localstatedir='${prefix}/var'
mandir='${datarootdir}/man'
mkdir_p='$(MKDIR_P)'
oldincludedir='/usr/include'
pdfdir='${docdir}'
prefix='/usr/local'
program_transform_name='s,x,x,'
psdir='${docdir}'
sbindir='${exec_prefix}/sbin'
sharedstatedir='${prefix}/com'
sysconfdir='${prefix}/etc'
target_alias=''

## ----------- ##
## confdefs.h. ##
## ----------- ##

/* confdefs.h */
#define PACKAGE_NAME "libenet"
#define PACKAGE_TARNAME "libenet"
#define PACKAGE_VERSION "7-18-2005"
#define PACKAGE_STRING "libenet 7-18-2005"
#define PACKAGE_BUGREPORT ""
#define PACKAGE_URL ""
#define PACKAGE "libenet.a"
#define VERSION "7-18-2005"
#define HAS_GETHOSTBYADDR_R 1
#define HAS_GETHOSTBYNAME_R 1
#define HAS_POLL 1
#define HAS_FCNTL 1
#define HAS_MSGHDR_FLAGS 1
#define HAS_SOCKLEN_T 1

configure: exit 0

## ---------------------- ##
## Running config.status. ##
## ---------------------- ##

This file was extended by libenet config.status 7-18-2005, which was
generated by GNU Autoconf 2.69.  Invocation command line was

  CONFIG_FILES    = 
  CONFIG_HEADERS  = 
  CONFIG_LINKS    = 
  CONFIG_COMMANDS = 
  $ ./config.status 

on zeus

config.status:779: creating Makefile
config.status:779: creating include/Makefile
config.status:779: creating include/enet/Makefile
config.status:951: executing depfiles commands
